1650489275915	geckodriver	INFO	Listening on 127.0.0.1:44977
1650489276661	mozrunner::runner	INFO	Running command: "/root/EXTRAT/firefox-97.0.1/firefox/firefox" "--marionette" "--width=1366" "--height=768" "-no-remote" "-profile" "/tmp/rust_mozprofile8b20w8"
1650489283857	Marionette	INFO	Marionette enabled
JavaScript error: resource://gre/modules/addons/XPIProvider.jsm, line 1910: Error: Cannot find loader for bootstrap
JavaScript error: resource://gre/modules/addons/XPIProvider.jsm, line 1910: Error: Cannot find loader for bootstrap
JavaScript error: resource://gre/modules/addons/XPIProvider.jsm, line 1910: Error: Cannot find loader for bootstrap
JavaScript error: resource://gre/modules/addons/XPIProvider.jsm, line 1910: Error: Cannot find loader for bootstrap
JavaScript error: resource://gre/modules/addons/XPIProvider.jsm, line 1910: Error: Cannot find loader for bootstrap
JavaScript error: resource://gre/modules/addons/XPIProvider.jsm, line 1910: Error: Cannot find loader for bootstrap
JavaScript error: resource://gre/modules/addons/XPIProvider.jsm, line 1910: Error: Cannot find loader for bootstrap
JavaScript error: resource://gre/modules/addons/XPIProvider.jsm, line 1910: Error: Cannot find loader for bootstrap
JavaScript error: resource://gre/modules/addons/XPIProvider.jsm, line 1910: Error: Cannot find loader for bootstrap
JavaScript error: resource://gre/modules/addons/XPIProvider.jsm, line 1910: Error: Cannot find loader for bootstrap
JavaScript error: resource://gre/modules/addons/XPIProvider.jsm, line 1910: Error: Cannot find loader for bootstrap
1650489295366	Marionette	INFO	Listening on port 44531
1650489295760	RemoteAgent	WARN	TLS certificate errors will be ignored for this session
1650489300961	Marionette	WARN	TimedPromise timed out after 5000 ms: stacktrace:
TimedPromise/<@chrome://remote/content/marionette/sync.js:235:19
TimedPromise@chrome://remote/content/marionette/sync.js:220:10
GeckoDriver.prototype.maximizeWindow@chrome://remote/content/marionette/driver.js:2355:11
JavaScript error: resource://gre/modules/crypto-SDR.js, line 200: NS_ERROR_FAILURE: Couldn't decrypt string
Exiting due to channel error.
Exiting due to channel error.
Exiting due to channel error.
Exiting due to channel error.
Exiting due to channel error.
Exiting due to channel error.
Exiting due to channel error.
Exiting due to channel error.
