1643705026686	mozrunner::runner	INFO	Running command: "/root/EXTRAT/firefox-58.0.1/firefox/firefox" "-marionette" "--width=1366" "--height=768" "-foreground" "-no-remote" "-profile" "/tmp/rust_mozprofileYov8jA"
1643705030454	Marionette	INFO	Enabled via --marionette
Sandbox: seccomp sandbox violation: pid 310612, tid 310612, syscall 315, args 310612 140246373654400 56 0 140246373650496 140246373654400.
Sandbox: seccomp sandbox violation: pid 310612, tid 310612, syscall 332, args 40 140246622110514 4096 1 140731436037632 140246370155264.
Sandbox: unsupported fd-relative fstatat(40, "", 0x7FFE9740F450, 4096)
Sandbox: seccomp sandbox violation: pid 310612, tid 310612, syscall 262, args 40 140246622110514 140731436037200 4096 4096 1.
1643705038246	Marionette	INFO	Listening on port 37297
1643705038338	Marionette	WARN	TLS certificate errors will be ignored for this session
Sandbox: Unexpected EOF, op 2 flags 00 path /etc/localtime
Gdk-Message: 08:44:41.773: /root/EXTRA/firefox-58.0.1/firefox/firefox: Fatal IO error 11 (Resource temporarily unavailable) on X server :0.

1643705557806	mozrunner::runner	INFO	Running command: "/root/EXTRAT/firefox-60.0.1esr/firefox/firefox" "-marionette" "--width=1366" "--height=768" "-foreground" "-no-remote" "-profile" "/tmp/rust_mozprofileICniP5"
Sandbox: seccomp sandbox violation: pid 310912, tid 310912, syscall 315, args 310912 140485441866688 56 0 140485441863744 140485441866688.
Sandbox: seccomp sandbox violation: pid 310912, tid 310912, syscall 332, args 33 140485623182130 4096 1 140730757135120 140485385940480.
Sandbox: unsupported fd-relative fstatat(33, "", 0x7FFE6EC9B960, 4096)
Sandbox: seccomp sandbox violation: pid 310912, tid 310912, syscall 262, args 33 140485623182130 140730757134688 4096 4096 1.
1643705567140	Marionette	INFO	Listening on port 43725
1643705567163	Marionette	WARN	TLS certificate errors will be ignored for this session
Sandbox: seccomp sandbox violation: pid 310912, tid 311008, syscall 203, args 311008 128 140485003533664 8 140485003535936 1.
Sandbox: seccomp sandbox violation: pid 310912, tid 311009, syscall 203, args 311009 128 140484995140960 8 140484995143232 1.
Sandbox: seccomp sandbox violation: pid 310912, tid 311010, syscall 203, args 311010 128 140484986748256 8 140484986750528 1.
Sandbox: seccomp sandbox violation: pid 310912, tid 311011, syscall 203, args 311011 128 140484978355552 8 140484978357824 1.
JavaScript error: https://www.gstatic.com/_/pantheon/_/js/k=pantheon.pantheon_module_set.fr.dAPFy6Ot13Y.O/ck=pantheon.pantheon_module_set.zCb8lP9h0g4.L.F4.O/am=qPqRTfx7gdd3JR7wGR5kfHOjeVZYFDD__v_7DkDk8BlAEAw4umsEqJOCgQBg1v__GxBqZ37-WcDf3wMwLiAsgPKdik1gMMBdggI/d=0/excm=core,pm_home_dashboard_shell/ed=1/rs=ADqnUbOp5zrCg4CLkgoNqMLty_jMaEcl2w/m=sy2w,sy3c,sy3e,sy4c,sy2u,sy2x,sy39,sy3d,sy2g,sy3y,sy3v,sy3w,sy3x,sy4d,sy7d,sy7l,sy2k,sy2y,sy2m,sy38,sy3b,sy2h,sy3z,sy4e,sy7e,sy7k,sy7i,sy3r,syf9,syfb,syco,sy1ih,sy1ii,sy2l,sy2s,sy2z,sy2v,sy3s,sy40,sy4g,syrb,sy2i,sy9j,sy9k,sy7j,syll,sy7o,syc6,syfa,sy1i9,syo,sy2t,sy3t,sy44,sy46,sy4f,sy1g8,sy2j,sy9i,sy9l,sy9n,sy9o,sy9p,sy9q,sy9r,sy9t,sy9w,sybi,synf,sy1il,sy8n,syab,syc7,syoo,syoq,sy1ia,sy16,sy1v,sy1w,syp,sy1y,sy21,sy22,sy2c,sy41,sy42,sy45,sy47,sy48,sy49,sy4a,sy4b,sy4h,sy4i,sy4j,sy8d,sy1fp,sy1gb,sy8r,sy8u,sy9m,sycy,syom,sy1ik,sy1ij,sy1im,syrc,sy8c,pm_error_service,syl,syn,syw,syx,sy1z,sy2b,sy2d,sy2e,sy43,sy4k,syl9,sy1fu,sy1gc,sy1ib,sy1in,sy1io,pm_pangolin_sandbox,syd5,sy1i8,pm_sandbox_route_module, line 4610: SecurityError: Permission denied to access property "Reflect" on cross-origin object
JavaScript error: https://www.gstatic.com/_/pantheon/_/js/k=pantheon.pantheon_module_set.fr.dAPFy6Ot13Y.O/ck=pantheon.pantheon_module_set.zCb8lP9h0g4.L.F4.O/am=qPqRTfx7gdd3JR7wGR5kfHOjeVZYFDD__v_7DkDk8BlAEAw4umsEqJOCgQBg1v__GxBqZ37-WcDf3wMwLiAsgPKdik1gMMBdggI/d=0/excm=core,pm_home_dashboard_shell/ed=1/rs=ADqnUbOp5zrCg4CLkgoNqMLty_jMaEcl2w/m=sy2w,sy3c,sy3e,sy4c,sy2u,sy2x,sy39,sy3d,sy2g,sy3y,sy3v,sy3w,sy3x,sy4d,sy7d,sy7l,sy2k,sy2y,sy2m,sy38,sy3b,sy2h,sy3z,sy4e,sy7e,sy7k,sy7i,sy3r,syf9,syfb,syco,sy1ih,sy1ii,sy2l,sy2s,sy2z,sy2v,sy3s,sy40,sy4g,syrb,sy2i,sy9j,sy9k,sy7j,syll,sy7o,syc6,syfa,sy1i9,syo,sy2t,sy3t,sy44,sy46,sy4f,sy1g8,sy2j,sy9i,sy9l,sy9n,sy9o,sy9p,sy9q,sy9r,sy9t,sy9w,sybi,synf,sy1il,sy8n,syab,syc7,syoo,syoq,sy1ia,sy16,sy1v,sy1w,syp,sy1y,sy21,sy22,sy2c,sy41,sy42,sy45,sy47,sy48,sy49,sy4a,sy4b,sy4h,sy4i,sy4j,sy8d,sy1fp,sy1gb,sy8r,sy8u,sy9m,sycy,syom,sy1ik,sy1ij,sy1im,syrc,sy8c,pm_error_service,syl,syn,syw,syx,sy1z,sy2b,sy2d,sy2e,sy43,sy4k,syl9,sy1fu,sy1gc,sy1ib,sy1in,sy1io,pm_pangolin_sandbox,syd5,sy1i8,pm_sandbox_route_module, line 4616: SecurityError: Permission denied to access property "Zone" on cross-origin object
Sandbox: Unexpected EOF, op 2 flags 00 path /etc/localtime
Gdk-Message: 08:53:39.209: /root/EXTRA/firefox-60.0.1esr/firefox/firefox: Fatal IO error 11 (Resource temporarily unavailable) on X server :0.

Sandbox: Unexpected EOF, op 2 flags 00 path /etc/localtime
Gdk-Message: 08:53:39.209: /root/EXTRA/firefox-60.0.1esr/firefox/firefox: Fatal IO error 11 (Resource temporarily unavailable) on X server :0.

