1663213535101	mozrunner::runner	INFO	Running command: "/root/EXTRAT/firefox-97.0.1/firefox/firefox" "-marionette" "--width=1366" "--height=768" "-foreground" "-no-remote" "-profile" "/tmp/rust_mozprofilel7lC3C"
1663213541087	Marionette	INFO	Marionette enabled
1663213541104	Marionette	INFO	Listening on port 31051
JavaScript error: resource://gre/modules/addons/XPIProvider.jsm, line 1924: Error: Cannot find loader for bootstrap
JavaScript error: resource://gre/modules/addons/XPIProvider.jsm, line 1924: Error: Cannot find loader for bootstrap
JavaScript error: resource://gre/modules/addons/XPIProvider.jsm, line 1924: Error: Cannot find loader for bootstrap
JavaScript error: resource://gre/modules/addons/XPIProvider.jsm, line 1924: Error: Cannot find loader for bootstrap
JavaScript error: resource://gre/modules/addons/XPIProvider.jsm, line 1924: Error: Cannot find loader for bootstrap
JavaScript error: resource://gre/modules/addons/XPIProvider.jsm, line 1924: Error: Cannot find loader for bootstrap
JavaScript error: resource://gre/modules/addons/XPIProvider.jsm, line 1924: Error: Cannot find loader for bootstrap
JavaScript error: resource://gre/modules/addons/XPIProvider.jsm, line 1924: Error: Cannot find loader for bootstrap
JavaScript error: resource://gre/modules/addons/XPIProvider.jsm, line 1924: Error: Cannot find loader for bootstrap
JavaScript error: resource://gre/modules/addons/XPIProvider.jsm, line 1924: Error: Cannot find loader for bootstrap
1663213542840	RemoteAgent	WARN	TLS certificate errors will be ignored for this session
console.error: Region.jsm: "Error fetching region" (new AbortError("The operation was aborted. ", (void 0), 766))
console.error: Region.jsm: "Failed to fetch region" (new Error("NO_RESULT", "resource://gre/modules/Region.jsm", 420))
console.error: SessionStore: "The session file is invalid: TypeError: state is null"
JavaScript error: https://cloudshell.googleusercontent.com/editor/2472b65bc2fcf259dfa988a9aed10d0feb4afd84/bundle.js, line 2: SecurityError: The operation is insecure.
JavaScript error: https://cloudshell.googleusercontent.com/editor/2472b65bc2fcf259dfa988a9aed10d0feb4afd84/bundle.js, line 2: Error: schema is invalid: data.properties['tasks'].items.anyOf[1].properties['elements'].items.anyOf[1] should be object,boolean, data.properties['tasks'].items.anyOf[1].properties['elements'].items should be array, data.properties['tasks'].items.anyOf[1].properties['elements'].items should match some schema in anyOf, data.properties['tasks'].items should be array, data.properties['tasks'].items should match some schema in anyOf
Exiting due to channel error.
Exiting due to channel error.
Exiting due to channel error.
Exiting due to channel error.
Exiting due to channel error.
Exiting due to channel error.
Exiting due to channel error.
Exiting due to channel error.
Exiting due to channel error.
