1641824856822	mozrunner::runner	INFO	Running command: "/root/EXTRAT/firefox-59.0.1/firefox/firefox" "-marionette" "--width=2048" "--height=1536" "-foreground" "-no-remote" "-profile" "/tmp/rust_mozprofileePPmKD"
1641824858554	Marionette	INFO	Enabled via --marionette
Sandbox: seccomp sandbox violation: pid 221570, tid 221570, syscall 315, args 221570 140573203212864 56 0 2560 140573203212864.
Sandbox: seccomp sandbox violation: pid 221570, tid 221570, syscall 332, args 35 140573377147698 4096 1 140735598197408 140573203400368.
Sandbox: unsupported fd-relative fstatat(35, "", 0x7FFF8F5678F0, 4096)
Sandbox: seccomp sandbox violation: pid 221570, tid 221570, syscall 262, args 35 140573377147698 140735598196976 4096 4096 1.
1641824862694	Marionette	INFO	Listening on port 44121
1641824862758	Marionette	WARN	TLS certificate errors will be ignored for this session
JavaScript error: https://cdnjs.cloudflare.com/ajax/libs/highlight.js/11.4.0/highlight.min.js, line 870: SyntaxError: invalid identity escape in regular expression
JavaScript error: https://www.bit-plazza.nl.eu.org/, line 1273: ReferenceError: hljs is not defined
JavaScript error: https://cdnjs.cloudflare.com/ajax/libs/highlight.js/11.4.0/highlight.min.js, line 870: SyntaxError: invalid identity escape in regular expression
JavaScript error: https://www.bit-plazza.nl.eu.org/2022/01/docker-systemed-dockerfile.html, line 947: ReferenceError: hljs is not defined
JavaScript error: https://cdnjs.cloudflare.com/ajax/libs/highlight.js/11.4.0/highlight.min.js, line 870: SyntaxError: invalid identity escape in regular expression
JavaScript error: https://www.bit-plazza.nl.eu.org/2022/01/there-are-number-of-tools-specifically.html, line 882: ReferenceError: hljs is not defined
JavaScript error: https://cdnjs.cloudflare.com/ajax/libs/highlight.js/11.4.0/highlight.min.js, line 870: SyntaxError: invalid identity escape in regular expression
JavaScript error: https://www.bit-plazza.nl.eu.org/2022/01/getting-hostname-in-bash-in-linux.html, line 870: ReferenceError: hljs is not defined
1641825036097	mozrunner::runner	INFO	Running command: "/root/EXTRAT/firefox-57.0.1/firefox/firefox" "-marionette" "--width=1200" "--height=1920" "-foreground" "-no-remote" "-profile" "/tmp/rust_mozprofile12PPOV"
1641825037815	Marionette	INFO	Enabled via --marionette
Sandbox: seccomp sandbox violation: pid 221944, tid 221944, syscall 315, args 221944 140271548146560 56 0 46 140271548146560.
Sandbox: seccomp sandbox violation: pid 221944, tid 221944, syscall 332, args 40 140271796507442 4096 1 140728002703648 140271548286880.
Sandbox: unsupported fd-relative fstatat(40, "", 0x7FFDCA9C6F70, 4096)
Sandbox: seccomp sandbox violation: pid 221944, tid 221944, syscall 262, args 40 140271796507442 140728002703216 4096 4096 1.
1641825041606	Marionette	INFO	Listening on port 32771
1641825041622	Marionette	WARN	TLS certificate errors will be ignored for this session
1641825041726	Marionette	DEBUG	Register listener.js for window 2147483649
1641825046526	Marionette	DEBUG	Received DOM event "beforeunload" for "about:blank"
1641825048312	Marionette	DEBUG	Received DOM event "pagehide" for "about:blank"
1641825048313	Marionette	DEBUG	Received DOM event "unload" for "about:blank"
JavaScript error: https://cdnjs.cloudflare.com/ajax/libs/highlight.js/11.4.0/highlight.min.js, line 870: SyntaxError: invalid identity escape in regular expression
JavaScript error: https://www.bit-plazza.nl.eu.org/, line 1273: ReferenceError: hljs is not defined
1641825050628	Marionette	DEBUG	Received DOM event "DOMContentLoaded" for "https://www.bit-plazza.nl.eu.org/"
1641825052762	Marionette	DEBUG	Received DOM event "pageshow" for "https://www.bit-plazza.nl.eu.org/"
1641825053023	Marionette	DEBUG	Canceled page load listener because no navigation has been detected
1641825073709	Marionette	DEBUG	Canceled page load listener because no navigation has been detected
1641825094183	Marionette	DEBUG	Received DOM event "beforeunload" for "https://www.bit-plazza.nl.eu.org/"
1641825095043	Marionette	DEBUG	Received DOM event "pagehide" for "https://www.bit-plazza.nl.eu.org/"
1641825095045	Marionette	DEBUG	Received DOM event "unload" for "https://www.bit-plazza.nl.eu.org/"
1641825095300	Marionette	DEBUG	Received observer notification "outer-window-destroyed" for "2147483653"
1641825095303	Marionette	DEBUG	Received observer notification "outer-window-destroyed" for "2147483654"
1641825095304	Marionette	DEBUG	Received observer notification "outer-window-destroyed" for "2147483655"
JavaScript error: https://cdnjs.cloudflare.com/ajax/libs/highlight.js/11.4.0/highlight.min.js, line 870: SyntaxError: invalid identity escape in regular expression
JavaScript error: https://www.bit-plazza.nl.eu.org/2022/01/there-are-number-of-tools-specifically.html, line 882: ReferenceError: hljs is not defined
1641825095578	Marionette	DEBUG	Received DOM event "DOMContentLoaded" for "https://www.bit-plazza.nl.eu.org/2022/01/there-are-number-of-tools-specifically.html"
1641825099994	Marionette	DEBUG	Received DOM event "pageshow" for "https://www.bit-plazza.nl.eu.org/2022/01/there-are-number-of-tools-specifically.html"
1641825105129	Marionette	DEBUG	Received DOM event "beforeunload" for "https://www.bit-plazza.nl.eu.org/2022/01/there-are-number-of-tools-specifically.html"
1641825105397	Marionette	DEBUG	Received DOM event "pagehide" for "https://www.bit-plazza.nl.eu.org/2022/01/there-are-number-of-tools-specifically.html"
1641825105401	Marionette	DEBUG	Received DOM event "unload" for "https://www.bit-plazza.nl.eu.org/2022/01/there-are-number-of-tools-specifically.html"
JavaScript error: https://cdnjs.cloudflare.com/ajax/libs/highlight.js/11.4.0/highlight.min.js, line 870: SyntaxError: invalid identity escape in regular expression
1641825105754	Marionette	DEBUG	Received observer notification "outer-window-destroyed" for "2147483660"
1641825105755	Marionette	DEBUG	Received observer notification "outer-window-destroyed" for "2147483661"
1641825105762	Marionette	DEBUG	Received observer notification "outer-window-destroyed" for "2147483662"
JavaScript error: https://www.bit-plazza.nl.eu.org/2022/01/getting-hostname-in-bash-in-linux.html, line 870: ReferenceError: hljs is not defined
1641825106240	Marionette	DEBUG	Received DOM event "DOMContentLoaded" for "https://www.bit-plazza.nl.eu.org/2022/01/getting-hostname-in-bash-in-linux.html"
1641825106598	Marionette	DEBUG	Received DOM event "pageshow" for "https://www.bit-plazza.nl.eu.org/2022/01/getting-hostname-in-bash-in-linux.html"
1641825115839	Marionette	DEBUG	Register listener.js for window 2147483673
1641825115880	Marionette	DEBUG	Received DOM event "beforeunload" for "about:blank"
1641825117920	Marionette	DEBUG	Received DOM event "pagehide" for "about:blank"
1641825117922	Marionette	DEBUG	Received DOM event "unload" for "about:blank"
1641825120340	Marionette	DEBUG	Received DOM event "DOMContentLoaded" for "https://www.iblogger.nl.eu.org/2022/01/bash-for-loop-examples-what-is-bash-for.html"
1641825121794	Marionette	DEBUG	Received DOM event "pageshow" for "https://www.iblogger.nl.eu.org/2022/01/bash-for-loop-examples-what-is-bash-for.html"
1641825122134	Marionette	DEBUG	Canceled page load listener because no navigation has been detected
1641825152514	Marionette	DEBUG	Received DOM event "beforeunload" for "https://www.iblogger.nl.eu.org/2022/01/bash-for-loop-examples-what-is-bash-for.html"
1641825153329	Marionette	DEBUG	Received DOM event "pagehide" for "https://www.iblogger.nl.eu.org/2022/01/bash-for-loop-examples-what-is-bash-for.html"
1641825153342	Marionette	DEBUG	Received DOM event "unload" for "https://www.iblogger.nl.eu.org/2022/01/bash-for-loop-examples-what-is-bash-for.html"
1641825153784	Marionette	DEBUG	Received observer notification "outer-window-destroyed" for "2147483677"
1641825153785	Marionette	DEBUG	Received observer notification "outer-window-destroyed" for "2147483678"
1641825153785	Marionette	DEBUG	Received observer notification "outer-window-destroyed" for "2147483679"
1641825154164	Marionette	DEBUG	Received DOM event "DOMContentLoaded" for "https://www.iblogger.nl.eu.org/2021/12/getting-hostname-in-bash-in-linux.html"
1641825156663	Marionette	DEBUG	Received DOM event "pageshow" for "https://www.iblogger.nl.eu.org/2021/12/getting-hostname-in-bash-in-linux.html"
1641825158923	Marionette	DEBUG	Register listener.js for window 2147483690
1641825158941	Marionette	DEBUG	Received DOM event "beforeunload" for "about:blank"
1641825159806	Marionette	DEBUG	Received DOM event "pagehide" for "about:blank"
1641825159807	Marionette	DEBUG	Received DOM event "unload" for "about:blank"
JavaScript error: http://dark-market.ueuo.com/script.js, line 1: SyntaxError: expected expression, got '<'
1641825161783	Marionette	DEBUG	Received DOM event "DOMContentLoaded" for "http://dark-market.ueuo.com/index.html"
1641825163484	Marionette	DEBUG	Received DOM event "pageshow" for "http://dark-market.ueuo.com/index.html"
1641825215882	mozrunner::runner	INFO	Running command: "/root/EXTRAT/firefox-59.0.1/firefox/firefox" "-marionette" "--width=1440" "--height=2560" "-foreground" "-no-remote" "-profile" "/tmp/rust_mozprofileCoW0Fe"
1641825217496	Marionette	INFO	Enabled via --marionette
Sandbox: seccomp sandbox violation: pid 222309, tid 222309, syscall 315, args 222309 140533722434432 56 0 2880 140533722434432.
Sandbox: seccomp sandbox violation: pid 222309, tid 222309, syscall 332, args 35 140533909414706 4096 1 140725641797024 140533722617520.
Sandbox: unsupported fd-relative fstatat(35, "", 0x7FFD3DE3DBF0, 4096)
Sandbox: seccomp sandbox violation: pid 222309, tid 222309, syscall 262, args 35 140533909414706 140725641796592 4096 4096 1.
1641825221802	Marionette	INFO	Listening on port 42169
1641825221818	Marionette	WARN	TLS certificate errors will be ignored for this session
JavaScript error: https://cdnjs.cloudflare.com/ajax/libs/highlight.js/11.4.0/highlight.min.js, line 870: SyntaxError: invalid identity escape in regular expression
JavaScript error: https://www.bit-plazza.nl.eu.org/, line 1273: ReferenceError: hljs is not defined
JavaScript error: https://cdnjs.cloudflare.com/ajax/libs/highlight.js/11.4.0/highlight.min.js, line 870: SyntaxError: invalid identity escape in regular expression
JavaScript error: https://www.bit-plazza.nl.eu.org/2022/01/docker-systemed-dockerfile.html, line 947: ReferenceError: hljs is not defined
JavaScript error: https://cdnjs.cloudflare.com/ajax/libs/highlight.js/11.4.0/highlight.min.js, line 870: SyntaxError: invalid identity escape in regular expression
JavaScript error: https://www.bit-plazza.nl.eu.org/2022/01/there-are-number-of-tools-specifically.html, line 882: ReferenceError: hljs is not defined
JavaScript error: https://cdnjs.cloudflare.com/ajax/libs/highlight.js/11.4.0/highlight.min.js, line 870: SyntaxError: invalid identity escape in regular expression
JavaScript error: https://www.bit-plazza.nl.eu.org/2022/01/getting-hostname-in-bash-in-linux.html, line 870: ReferenceError: hljs is not defined
1641825429577	mozrunner::runner	INFO	Running command: "/root/EXTRAT/firefox-60.0.1esr/firefox/firefox" "-marionette" "--width=1280" "--height=800" "-foreground" "-no-remote" "-profile" "/tmp/rust_mozprofile6TQwjB"
Sandbox: seccomp sandbox violation: pid 222695, tid 222695, syscall 315, args 222695 140581903030848 56 0 140581903028288 140581903030848.
Sandbox: seccomp sandbox violation: pid 222695, tid 222695, syscall 332, args 33 140582140564274 4096 1 140722024612256 140581903171168.
Sandbox: unsupported fd-relative fstatat(33, "", 0x7FFC6649FFF0, 4096)
Sandbox: seccomp sandbox violation: pid 222695, tid 222695, syscall 262, args 33 140582140564274 140722024611824 4096 4096 1.
1641825434970	Marionette	INFO	Listening on port 44551
1641825435000	Marionette	WARN	TLS certificate errors will be ignored for this session
JavaScript error: https://cdnjs.cloudflare.com/ajax/libs/highlight.js/11.4.0/highlight.min.js, line 870: SyntaxError: invalid identity escape in regular expression
JavaScript error: https://www.bit-plazza.nl.eu.org/, line 1273: ReferenceError: hljs is not defined
JavaScript error: https://cdnjs.cloudflare.com/ajax/libs/highlight.js/11.4.0/highlight.min.js, line 870: SyntaxError: invalid identity escape in regular expression
JavaScript error: https://www.bit-plazza.nl.eu.org/2022/01/docker-systemed-dockerfile.html, line 947: ReferenceError: hljs is not defined
JavaScript error: https://cdnjs.cloudflare.com/ajax/libs/highlight.js/11.4.0/highlight.min.js, line 870: SyntaxError: invalid identity escape in regular expression
JavaScript error: https://www.bit-plazza.nl.eu.org/2022/01/there-are-number-of-tools-specifically.html, line 882: ReferenceError: hljs is not defined
JavaScript error: https://cdnjs.cloudflare.com/ajax/libs/highlight.js/11.4.0/highlight.min.js, line 870: SyntaxError: invalid identity escape in regular expression
JavaScript error: https://www.bit-plazza.nl.eu.org/2022/01/getting-hostname-in-bash-in-linux.html, line 870: ReferenceError: hljs is not defined
1641825585858	mozrunner::runner	INFO	Running command: "/root/EXTRAT/firefox-57.0.1/firefox/firefox" "-marionette" "--width=1440" "--height=2560" "-foreground" "-no-remote" "-profile" "/tmp/rust_mozprofilefI4TMV"
1641825589192	Marionette	INFO	Enabled via --marionette
Sandbox: seccomp sandbox violation: pid 223170, tid 223170, syscall 315, args 223170 140495904613248 56 0 46 140495904613248.
Sandbox: seccomp sandbox violation: pid 223170, tid 223170, syscall 332, args 40 140496153314098 4096 1 140731472739360 140495904753568.
Sandbox: unsupported fd-relative fstatat(40, "", 0x7FFE9970FA70, 4096)
Sandbox: seccomp sandbox violation: pid 223170, tid 223170, syscall 262, args 40 140496153314098 140731472738928 4096 4096 1.
1641825595334	Marionette	INFO	Listening on port 36485
1641825595716	Marionette	WARN	TLS certificate errors will be ignored for this session
1641825596048	Marionette	DEBUG	Register listener.js for window 2147483649
1641825600760	Marionette	DEBUG	Received DOM event "beforeunload" for "about:blank"
1641825604186	Marionette	DEBUG	Received DOM event "pagehide" for "about:blank"
1641825604187	Marionette	DEBUG	Received DOM event "unload" for "about:blank"
JavaScript error: https://cdnjs.cloudflare.com/ajax/libs/highlight.js/11.4.0/highlight.min.js, line 870: SyntaxError: invalid identity escape in regular expression
JavaScript error: https://www.bit-plazza.nl.eu.org/, line 1263: ReferenceError: hljs is not defined
1641825608446	Marionette	DEBUG	Received DOM event "DOMContentLoaded" for "https://www.bit-plazza.nl.eu.org/"
1641825616506	Marionette	DEBUG	Received DOM event "pageshow" for "https://www.bit-plazza.nl.eu.org/"
1641825644149	Marionette	DEBUG	Received DOM event "beforeunload" for "https://www.bit-plazza.nl.eu.org/"
1641825644843	Marionette	DEBUG	Received DOM event "pagehide" for "https://www.bit-plazza.nl.eu.org/"
1641825644846	Marionette	DEBUG	Received DOM event "unload" for "https://www.bit-plazza.nl.eu.org/"
1641825645536	Marionette	DEBUG	Received observer notification "outer-window-destroyed" for "2147483653"
1641825645537	Marionette	DEBUG	Received observer notification "outer-window-destroyed" for "2147483654"
1641825645537	Marionette	DEBUG	Received observer notification "outer-window-destroyed" for "2147483655"
JavaScript error: https://cdnjs.cloudflare.com/ajax/libs/highlight.js/11.4.0/highlight.min.js, line 870: SyntaxError: invalid identity escape in regular expression
JavaScript error: https://www.bit-plazza.nl.eu.org/2022/01/docker-systemed-dockerfile.html, line 937: ReferenceError: hljs is not defined
1641825645893	Marionette	DEBUG	Received DOM event "DOMContentLoaded" for "https://www.bit-plazza.nl.eu.org/2022/01/docker-systemed-dockerfile.html"
1641825652955	Marionette	DEBUG	Received DOM event "pageshow" for "https://www.bit-plazza.nl.eu.org/2022/01/docker-systemed-dockerfile.html"
1641825673430	Marionette	DEBUG	Received DOM event "beforeunload" for "https://www.bit-plazza.nl.eu.org/2022/01/docker-systemed-dockerfile.html"
1641825674099	Marionette	DEBUG	Received DOM event "pagehide" for "https://www.bit-plazza.nl.eu.org/2022/01/docker-systemed-dockerfile.html"
1641825674102	Marionette	DEBUG	Received DOM event "unload" for "https://www.bit-plazza.nl.eu.org/2022/01/docker-systemed-dockerfile.html"
1641825674925	Marionette	DEBUG	Received observer notification "outer-window-destroyed" for "2147483660"
1641825674926	Marionette	DEBUG	Received observer notification "outer-window-destroyed" for "2147483661"
1641825674927	Marionette	DEBUG	Received observer notification "outer-window-destroyed" for "2147483662"
JavaScript error: https://cdnjs.cloudflare.com/ajax/libs/highlight.js/11.4.0/highlight.min.js, line 870: SyntaxError: invalid identity escape in regular expression
JavaScript error: https://www.bit-plazza.nl.eu.org/2022/01/there-are-number-of-tools-specifically.html, line 872: ReferenceError: hljs is not defined
1641825675432	Marionette	DEBUG	Received DOM event "DOMContentLoaded" for "https://www.bit-plazza.nl.eu.org/2022/01/there-are-number-of-tools-specifically.html"
1641825681806	Marionette	DEBUG	Received DOM event "pageshow" for "https://www.bit-plazza.nl.eu.org/2022/01/there-are-number-of-tools-specifically.html"
1641825687003	Marionette	DEBUG	Received DOM event "beforeunload" for "https://www.bit-plazza.nl.eu.org/2022/01/there-are-number-of-tools-specifically.html"
1641825687353	Marionette	DEBUG	Received DOM event "pagehide" for "https://www.bit-plazza.nl.eu.org/2022/01/there-are-number-of-tools-specifically.html"
1641825687355	Marionette	DEBUG	Received DOM event "unload" for "https://www.bit-plazza.nl.eu.org/2022/01/there-are-number-of-tools-specifically.html"
1641825687657	Marionette	DEBUG	Received observer notification "outer-window-destroyed" for "2147483667"
1641825687669	Marionette	DEBUG	Received observer notification "outer-window-destroyed" for "2147483668"
1641825687670	Marionette	DEBUG	Received observer notification "outer-window-destroyed" for "2147483669"
JavaScript error: https://cdnjs.cloudflare.com/ajax/libs/highlight.js/11.4.0/highlight.min.js, line 870: SyntaxError: invalid identity escape in regular expression
JavaScript error: https://www.bit-plazza.nl.eu.org/2022/01/getting-hostname-in-bash-in-linux.html, line 860: ReferenceError: hljs is not defined
1641825687697	Marionette	DEBUG	Received DOM event "DOMContentLoaded" for "https://www.bit-plazza.nl.eu.org/2022/01/getting-hostname-in-bash-in-linux.html"
1641825691008	Marionette	DEBUG	Received DOM event "pageshow" for "https://www.bit-plazza.nl.eu.org/2022/01/getting-hostname-in-bash-in-linux.html"
1641825700321	Marionette	DEBUG	Register listener.js for window 2147483680
1641825700366	Marionette	DEBUG	Received DOM event "beforeunload" for "about:blank"
1641825703835	Marionette	DEBUG	Received DOM event "pagehide" for "about:blank"
1641825703836	Marionette	DEBUG	Received DOM event "unload" for "about:blank"
1641825706758	Marionette	DEBUG	Received DOM event "DOMContentLoaded" for "https://www.iblogger.nl.eu.org/2022/01/bash-for-loop-examples-what-is-bash-for.html"
1641825766004	mozrunner::runner	INFO	Running command: "/root/EXTRAT/firefox-59.0.1/firefox/firefox" "-marionette" "--width=1920" "--height=1080" "-foreground" "-no-remote" "-profile" "/tmp/rust_mozprofileEModd3"
1641825768600	Marionette	INFO	Enabled via --marionette
Sandbox: seccomp sandbox violation: pid 223529, tid 223529, syscall 315, args 223529 140241955953344 56 0 2688 140241955953344.
Sandbox: seccomp sandbox violation: pid 223529, tid 223529, syscall 332, args 35 140242129285938 4096 1 140727642918800 140241956136624.
Sandbox: unsupported fd-relative fstatat(35, "", 0x7FFDB52A8DE0, 4096)
Sandbox: seccomp sandbox violation: pid 223529, tid 223529, syscall 262, args 35 140242129285938 140727642918368 4096 4096 1.
1641825773490	Marionette	INFO	Listening on port 43025
1641825773564	Marionette	WARN	TLS certificate errors will be ignored for this session
JavaScript error: https://cdnjs.cloudflare.com/ajax/libs/highlight.js/11.4.0/highlight.min.js, line 870: SyntaxError: invalid identity escape in regular expression
JavaScript error: https://www.bit-plazza.nl.eu.org/, line 1263: ReferenceError: hljs is not defined
JavaScript error: https://cdnjs.cloudflare.com/ajax/libs/highlight.js/11.4.0/highlight.min.js, line 870: SyntaxError: invalid identity escape in regular expression
JavaScript error: https://www.bit-plazza.nl.eu.org/2022/01/docker-systemed-dockerfile.html, line 937: ReferenceError: hljs is not defined
JavaScript error: https://cdnjs.cloudflare.com/ajax/libs/highlight.js/11.4.0/highlight.min.js, line 870: SyntaxError: invalid identity escape in regular expression
JavaScript error: https://www.bit-plazza.nl.eu.org/2022/01/there-are-number-of-tools-specifically.html, line 872: ReferenceError: hljs is not defined
JavaScript error: https://cdnjs.cloudflare.com/ajax/libs/highlight.js/11.4.0/highlight.min.js, line 870: SyntaxError: invalid identity escape in regular expression
JavaScript error: https://www.bit-plazza.nl.eu.org/2022/01/getting-hostname-in-bash-in-linux.html, line 860: ReferenceError: hljs is not defined
1641825943414	mozrunner::runner	INFO	Running command: "/root/EXTRAT/firefox-59.0.1/firefox/firefox" "-marionette" "--width=1440" "--height=2560" "-foreground" "-no-remote" "-profile" "/tmp/rust_mozprofileTGxNMh"
1641825945330	Marionette	INFO	Enabled via --marionette
Sandbox: seccomp sandbox violation: pid 223920, tid 223920, syscall 315, args 223920 140018544339968 56 0 3008 140018544339968.
Sandbox: seccomp sandbox violation: pid 223920, tid 223920, syscall 332, args 35 140018731668274 4096 1 140723799036896 140018482345648.
Sandbox: unsupported fd-relative fstatat(35, "", 0x7FFCD00D9230, 4096)
Sandbox: seccomp sandbox violation: pid 223920, tid 223920, syscall 262, args 35 140018731668274 140723799036464 4096 4096 1.
1641825950260	Marionette	INFO	Listening on port 38257
1641825950350	Marionette	WARN	TLS certificate errors will be ignored for this session
JavaScript error: https://cdnjs.cloudflare.com/ajax/libs/highlight.js/11.4.0/highlight.min.js, line 870: SyntaxError: invalid identity escape in regular expression
JavaScript error: https://www.bit-plazza.nl.eu.org/, line 1263: ReferenceError: hljs is not defined
JavaScript error: https://cdnjs.cloudflare.com/ajax/libs/highlight.js/11.4.0/highlight.min.js, line 870: SyntaxError: invalid identity escape in regular expression
JavaScript error: https://www.bit-plazza.nl.eu.org/2022/01/docker-systemed-dockerfile.html, line 937: ReferenceError: hljs is not defined
JavaScript error: https://cdnjs.cloudflare.com/ajax/libs/highlight.js/11.4.0/highlight.min.js, line 870: SyntaxError: invalid identity escape in regular expression
JavaScript error: https://www.bit-plazza.nl.eu.org/2022/01/there-are-number-of-tools-specifically.html, line 872: ReferenceError: hljs is not defined
JavaScript error: https://cdnjs.cloudflare.com/ajax/libs/highlight.js/11.4.0/highlight.min.js, line 870: SyntaxError: invalid identity escape in regular expression
JavaScript error: https://www.bit-plazza.nl.eu.org/2022/01/getting-hostname-in-bash-in-linux.html, line 860: ReferenceError: hljs is not defined
1641826157011	mozrunner::runner	INFO	Running command: "/root/EXTRAT/firefox-60.0.1esr/firefox/firefox" "-marionette" "--width=1080" "--height=2340" "-foreground" "-no-remote" "-profile" "/tmp/rust_mozprofile1PSJdO"
Sandbox: seccomp sandbox violation: pid 224365, tid 224365, syscall 315, args 224365 139803601992768 56 0 139803601989696 139803601992768.
Sandbox: seccomp sandbox violation: pid 224365, tid 224365, syscall 332, args 33 139803783410482 4096 1 140720391014816 139803546242656.
Sandbox: unsupported fd-relative fstatat(33, "", 0x7FFC04EB47F0, 4096)
Sandbox: seccomp sandbox violation: pid 224365, tid 224365, syscall 262, args 33 139803783410482 140720391014384 4096 4096 1.
1641826162777	Marionette	INFO	Listening on port 33877
1641826162829	Marionette	WARN	TLS certificate errors will be ignored for this session
JavaScript error: https://cdnjs.cloudflare.com/ajax/libs/highlight.js/11.4.0/highlight.min.js, line 870: SyntaxError: invalid identity escape in regular expression
JavaScript error: https://www.bit-plazza.nl.eu.org/, line 1263: ReferenceError: hljs is not defined
JavaScript error: https://cdnjs.cloudflare.com/ajax/libs/highlight.js/11.4.0/highlight.min.js, line 870: SyntaxError: invalid identity escape in regular expression
JavaScript error: https://www.bit-plazza.nl.eu.org/2022/01/docker-systemed-dockerfile.html, line 937: ReferenceError: hljs is not defined
1641826302394	mozrunner::runner	INFO	Running command: "/root/EXTRAT/firefox-58.0.1/firefox/firefox" "-marionette" "--width=1080" "--height=1920" "-foreground" "-no-remote" "-profile" "/tmp/rust_mozprofilecMLRT1"
1641826305145	Marionette	INFO	Enabled via --marionette
Sandbox: seccomp sandbox violation: pid 224754, tid 224754, syscall 315, args 224754 140236743663168 56 0 140236743659584 140236743663168.
Sandbox: seccomp sandbox violation: pid 224754, tid 224754, syscall 332, args 40 140236918092594 4096 1 140730072996480 140236665588432.
Sandbox: unsupported fd-relative fstatat(40, "", 0x7FFE460298D0, 4096)
Sandbox: seccomp sandbox violation: pid 224754, tid 224754, syscall 262, args 40 140236918092594 140730072996048 4096 4096 1.
1641826311685	Marionette	INFO	Listening on port 46543
1641826311725	Marionette	WARN	TLS certificate errors will be ignored for this session
JavaScript error: https://cdnjs.cloudflare.com/ajax/libs/highlight.js/11.4.0/highlight.min.js, line 870: SyntaxError: invalid identity escape in regular expression
JavaScript error: https://www.bit-plazza.nl.eu.org/, line 1263: ReferenceError: hljs is not defined
JavaScript error: https://cdnjs.cloudflare.com/ajax/libs/highlight.js/11.4.0/highlight.min.js, line 870: SyntaxError: invalid identity escape in regular expression
JavaScript error: https://www.bit-plazza.nl.eu.org/2022/01/docker-systemed-dockerfile.html, line 937: ReferenceError: hljs is not defined
JavaScript error: https://cdnjs.cloudflare.com/ajax/libs/highlight.js/11.4.0/highlight.min.js, line 870: SyntaxError: invalid identity escape in regular expression
JavaScript error: https://www.bit-plazza.nl.eu.org/2022/01/there-are-number-of-tools-specifically.html, line 872: ReferenceError: hljs is not defined
JavaScript error: https://cdnjs.cloudflare.com/ajax/libs/highlight.js/11.4.0/highlight.min.js, line 870: SyntaxError: invalid identity escape in regular expression
JavaScript error: https://www.bit-plazza.nl.eu.org/2022/01/getting-hostname-in-bash-in-linux.html, line 860: ReferenceError: hljs is not defined
1641826477676	mozrunner::runner	INFO	Running command: "/root/EXTRAT/firefox-59.0.1/firefox/firefox" "-marionette" "--width=1440" "--height=900" "-foreground" "-no-remote" "-profile" "/tmp/rust_mozprofilectmNO6"
1641826479946	Marionette	INFO	Enabled via --marionette
Sandbox: seccomp sandbox violation: pid 225160, tid 225160, syscall 315, args 225160 140454654360256 56 0 2688 140454654360256.
Sandbox: seccomp sandbox violation: pid 225160, tid 225160, syscall 332, args 35 140454827684658 4096 1 140735331889376 140454654539440.
Sandbox: unsupported fd-relative fstatat(35, "", 0x7FFF7F76EF30, 4096)
Sandbox: seccomp sandbox violation: pid 225160, tid 225160, syscall 262, args 35 140454827684658 140735331888944 4096 4096 1.
1641826486228	Marionette	INFO	Listening on port 45683
1641826486316	Marionette	WARN	TLS certificate errors will be ignored for this session
JavaScript error: https://cdnjs.cloudflare.com/ajax/libs/highlight.js/11.4.0/highlight.min.js, line 870: SyntaxError: invalid identity escape in regular expression
JavaScript error: https://www.bit-plazza.nl.eu.org/, line 1273: ReferenceError: hljs is not defined
JavaScript error: https://cdnjs.cloudflare.com/ajax/libs/highlight.js/11.4.0/highlight.min.js, line 870: SyntaxError: invalid identity escape in regular expression
JavaScript error: https://www.bit-plazza.nl.eu.org/2022/01/docker-systemed-dockerfile.html, line 947: ReferenceError: hljs is not defined
JavaScript error: https://cdnjs.cloudflare.com/ajax/libs/highlight.js/11.4.0/highlight.min.js, line 870: SyntaxError: invalid identity escape in regular expression
JavaScript error: https://www.bit-plazza.nl.eu.org/2022/01/there-are-number-of-tools-specifically.html, line 882: ReferenceError: hljs is not defined
JavaScript error: https://cdnjs.cloudflare.com/ajax/libs/highlight.js/11.4.0/highlight.min.js, line 870: SyntaxError: invalid identity escape in regular expression
JavaScript error: https://www.bit-plazza.nl.eu.org/2022/01/getting-hostname-in-bash-in-linux.html, line 870: ReferenceError: hljs is not defined
1641826713527	mozrunner::runner	INFO	Running command: "/root/EXTRAT/firefox-60.0.1esr/firefox/firefox" "-marionette" "--width=1280" "--height=800" "-foreground" "-no-remote" "-profile" "/tmp/rust_mozprofilerqdzO3"
Sandbox: seccomp sandbox violation: pid 227052, tid 227052, syscall 315, args 227052 139892636621568 56 0 139892636618816 139892636621568.
Sandbox: seccomp sandbox violation: pid 227052, tid 227052, syscall 332, args 33 139892818522930 4096 1 140723484035568 139892580830720.
Sandbox: unsupported fd-relative fstatat(33, "", 0x7FFCBD470840, 4096)
Sandbox: seccomp sandbox violation: pid 227052, tid 227052, syscall 262, args 33 139892818522930 140723484035136 4096 4096 1.
1641826719795	Marionette	INFO	Listening on port 39083
1641826719860	Marionette	WARN	TLS certificate errors will be ignored for this session
JavaScript error: https://cdnjs.cloudflare.com/ajax/libs/highlight.js/11.4.0/highlight.min.js, line 870: SyntaxError: invalid identity escape in regular expression
JavaScript error: https://www.bit-plazza.nl.eu.org/, line 1263: ReferenceError: hljs is not defined
JavaScript error: https://cdnjs.cloudflare.com/ajax/libs/highlight.js/11.4.0/highlight.min.js, line 870: SyntaxError: invalid identity escape in regular expression
JavaScript error: https://www.bit-plazza.nl.eu.org/2022/01/docker-systemed-dockerfile.html, line 937: ReferenceError: hljs is not defined
1641826879151	mozrunner::runner	INFO	Running command: "/root/EXTRAT/firefox-58.0.1/firefox/firefox" "-marionette" "--width=1280" "--height=720" "-foreground" "-no-remote" "-profile" "/tmp/rust_mozprofileVyM1mC"
1641826881340	Marionette	INFO	Enabled via --marionette
Sandbox: seccomp sandbox violation: pid 227429, tid 227429, syscall 315, args 227429 139708990005120 56 0 139708990001216 139708990005120.
Sandbox: seccomp sandbox violation: pid 227429, tid 227429, syscall 332, args 40 139709238444850 4096 1 140735160357664 139708986489552.
Sandbox: unsupported fd-relative fstatat(40, "", 0x7FFF753D9170, 4096)
Sandbox: seccomp sandbox violation: pid 227429, tid 227429, syscall 262, args 40 139709238444850 140735160357232 4096 4096 1.
1641826886587	Marionette	INFO	Listening on port 36661
1641826886685	Marionette	WARN	TLS certificate errors will be ignored for this session
JavaScript error: https://cdnjs.cloudflare.com/ajax/libs/highlight.js/11.4.0/highlight.min.js, line 870: SyntaxError: invalid identity escape in regular expression
JavaScript error: https://www.bit-plazza.nl.eu.org/, line 1263: ReferenceError: hljs is not defined
JavaScript error: https://cdnjs.cloudflare.com/ajax/libs/highlight.js/11.4.0/highlight.min.js, line 870: SyntaxError: invalid identity escape in regular expression
JavaScript error: https://www.bit-plazza.nl.eu.org/2022/01/docker-systemed-dockerfile.html, line 937: ReferenceError: hljs is not defined
JavaScript error: https://cdnjs.cloudflare.com/ajax/libs/highlight.js/11.4.0/highlight.min.js, line 870: SyntaxError: invalid identity escape in regular expression
JavaScript error: https://www.bit-plazza.nl.eu.org/2022/01/there-are-number-of-tools-specifically.html, line 872: ReferenceError: hljs is not defined
JavaScript error: https://cdnjs.cloudflare.com/ajax/libs/highlight.js/11.4.0/highlight.min.js, line 870: SyntaxError: invalid identity escape in regular expression
JavaScript error: https://www.bit-plazza.nl.eu.org/2022/01/getting-hostname-in-bash-in-linux.html, line 860: ReferenceError: hljs is not defined
1641827052855	mozrunner::runner	INFO	Running command: "/root/EXTRAT/firefox-58.0.1/firefox/firefox" "-marionette" "--width=1440" "--height=2560" "-foreground" "-no-remote" "-profile" "/tmp/rust_mozprofilei8jdxL"
1641827055013	Marionette	INFO	Enabled via --marionette
Sandbox: seccomp sandbox violation: pid 227801, tid 227801, syscall 315, args 227801 139722682441216 56 0 139722682437696 139722682441216.
Sandbox: seccomp sandbox violation: pid 227801, tid 227801, syscall 332, args 40 139722856854322 4096 1 140731336927312 139722604346064.
Sandbox: unsupported fd-relative fstatat(40, "", 0x7FFE9158A6A0, 4096)
Sandbox: seccomp sandbox violation: pid 227801, tid 227801, syscall 262, args 40 139722856854322 140731336926880 4096 4096 1.
1641827060517	Marionette	INFO	Listening on port 42539
1641827060588	Marionette	WARN	TLS certificate errors will be ignored for this session
JavaScript error: https://cdnjs.cloudflare.com/ajax/libs/highlight.js/11.4.0/highlight.min.js, line 870: SyntaxError: invalid identity escape in regular expression
JavaScript error: https://www.bit-plazza.nl.eu.org/, line 1273: ReferenceError: hljs is not defined
JavaScript error: https://cdnjs.cloudflare.com/ajax/libs/highlight.js/11.4.0/highlight.min.js, line 870: SyntaxError: invalid identity escape in regular expression
JavaScript error: https://www.bit-plazza.nl.eu.org/2022/01/docker-systemed-dockerfile.html, line 947: ReferenceError: hljs is not defined
JavaScript error: https://cdnjs.cloudflare.com/ajax/libs/highlight.js/11.4.0/highlight.min.js, line 870: SyntaxError: invalid identity escape in regular expression
JavaScript error: https://www.bit-plazza.nl.eu.org/2022/01/there-are-number-of-tools-specifically.html, line 882: ReferenceError: hljs is not defined
JavaScript error: https://cdnjs.cloudflare.com/ajax/libs/highlight.js/11.4.0/highlight.min.js, line 870: SyntaxError: invalid identity escape in regular expression
JavaScript error: https://www.bit-plazza.nl.eu.org/2022/01/getting-hostname-in-bash-in-linux.html, line 870: ReferenceError: hljs is not defined
1641827238951	mozrunner::runner	INFO	Running command: "/root/EXTRAT/firefox-60.0.1esr/firefox/firefox" "-marionette" "--width=1440" "--height=2560" "-foreground" "-no-remote" "-profile" "/tmp/rust_mozprofiletK1pcv"
Sandbox: seccomp sandbox violation: pid 228179, tid 228179, syscall 315, args 228179 140207030115136 56 0 140207030112320 140207030115136.
Sandbox: seccomp sandbox violation: pid 228179, tid 228179, syscall 332, args 33 140207212016434 4096 1 140723796598096 140206974324224.
Sandbox: unsupported fd-relative fstatat(33, "", 0x7FFCCFE85BA0, 4096)
Sandbox: seccomp sandbox violation: pid 228179, tid 228179, syscall 262, args 33 140207212016434 140723796597664 4096 4096 1.
1641827245613	Marionette	INFO	Listening on port 44899
1641827245682	Marionette	WARN	TLS certificate errors will be ignored for this session
JavaScript error: https://cdnjs.cloudflare.com/ajax/libs/highlight.js/11.4.0/highlight.min.js, line 870: SyntaxError: invalid identity escape in regular expression
JavaScript error: https://www.bit-plazza.nl.eu.org/, line 1263: ReferenceError: hljs is not defined
JavaScript error: https://cdnjs.cloudflare.com/ajax/libs/highlight.js/11.4.0/highlight.min.js, line 870: SyntaxError: invalid identity escape in regular expression
JavaScript error: https://www.bit-plazza.nl.eu.org/2022/01/docker-systemed-dockerfile.html, line 937: ReferenceError: hljs is not defined
JavaScript error: https://cdnjs.cloudflare.com/ajax/libs/highlight.js/11.4.0/highlight.min.js, line 870: SyntaxError: invalid identity escape in regular expression
JavaScript error: https://www.bit-plazza.nl.eu.org/2022/01/there-are-number-of-tools-specifically.html, line 872: ReferenceError: hljs is not defined
JavaScript error: https://cdnjs.cloudflare.com/ajax/libs/highlight.js/11.4.0/highlight.min.js, line 870: SyntaxError: invalid identity escape in regular expression
JavaScript error: https://www.bit-plazza.nl.eu.org/2022/01/getting-hostname-in-bash-in-linux.html, line 860: ReferenceError: hljs is not defined
1641827509248	mozrunner::runner	INFO	Running command: "/root/EXTRAT/firefox-60.0.1esr/firefox/firefox" "-marionette" "--width=1280" "--height=800" "-foreground" "-no-remote" "-profile" "/tmp/rust_mozprofile2RpbrR"
Sandbox: seccomp sandbox violation: pid 228635, tid 228635, syscall 315, args 228635 140187092093632 56 0 140187092090944 140187092093632.
Sandbox: seccomp sandbox violation: pid 228635, tid 228635, syscall 332, args 34 140187276047154 4096 1 140730540430928 140187038793216.
Sandbox: unsupported fd-relative fstatat(34, "", 0x7FFE61DF14A0, 4096)
Sandbox: seccomp sandbox violation: pid 228635, tid 228635, syscall 262, args 34 140187276047154 140730540430496 4096 4096 1.
1641827515350	Marionette	INFO	Listening on port 39665
1641827515377	Marionette	WARN	TLS certificate errors will be ignored for this session
JavaScript error: https://cdnjs.cloudflare.com/ajax/libs/highlight.js/11.4.0/highlight.min.js, line 870: SyntaxError: invalid identity escape in regular expression
JavaScript error: https://www.bit-plazza.nl.eu.org/, line 1273: ReferenceError: hljs is not defined
JavaScript error: https://cdnjs.cloudflare.com/ajax/libs/highlight.js/11.4.0/highlight.min.js, line 870: SyntaxError: invalid identity escape in regular expression
JavaScript error: https://www.bit-plazza.nl.eu.org/2022/01/docker-systemed-dockerfile.html, line 947: ReferenceError: hljs is not defined
JavaScript error: https://cdnjs.cloudflare.com/ajax/libs/highlight.js/11.4.0/highlight.min.js, line 870: SyntaxError: invalid identity escape in regular expression
JavaScript error: https://www.bit-plazza.nl.eu.org/2022/01/there-are-number-of-tools-specifically.html, line 882: ReferenceError: hljs is not defined
JavaScript error: https://cdnjs.cloudflare.com/ajax/libs/highlight.js/11.4.0/highlight.min.js, line 870: SyntaxError: invalid identity escape in regular expression
JavaScript error: https://www.bit-plazza.nl.eu.org/2022/01/getting-hostname-in-bash-in-linux.html, line 870: ReferenceError: hljs is not defined
